<?xml version="1.0" encoding="UTF-8"?>
<!-- Generated by org.testng.reporters.JUnitReportReporter -->
<testsuite skipped="0" hostname="user-PC" name="testScript.Test1" tests="1" failures="0" timestamp="01 Jul 2018 07:41:16 GMT" time="37.738" errors="0">
  <testcase name="testNESTHome" time="37.738" classname="testScript.Test1"/>
</testsuite> <!-- testScript.Test1 -->
