<?xml version="1.0" encoding="UTF-8"?>
<!-- Generated by org.testng.reporters.JUnitReportReporter -->
<testsuite skipped="0" hostname="user-PC" name="testScript.Test1" tests="1" failures="0" timestamp="30 Jun 2018 20:46:02 GMT" time="21.664" errors="0">
  <testcase name="testNESTHome" time="21.664" classname="testScript.Test1"/>
</testsuite> <!-- testScript.Test1 -->
